# turn 1
o 32 65 n
# turn 2
o 31 65 e
# turn 3
o 31 66 e
# turn 4
o 31 67 e
# turn 5
o 31 68 s
o 32 65 e
# turn 6
o 32 66 s
o 32 68 s
# turn 7
o 33 66 e
# turn 8
# turn 9
# turn 10
# turn 11
# turn 12
# turn 13
# turn 14
# turn 15
# turn 16
# turn 17
# turn 18
# turn 19
# turn 20
# turn 21
# turn 22
# turn 23
# turn 24
o 33 67 n
o 33 68 n
# turn 25
o 32 67 n
o 32 68 n
# turn 26
o 31 68 s
o 31 67 s
# turn 27
o 32 67 s
o 32 68 s
# turn 28
# turn 29
# turn 30
# turn 31
# turn 32
# turn 33
# turn 34
# turn 35
# turn 36
# turn 37
# turn 38
# turn 39
# turn 40
# turn 41
# turn 42
# turn 43
# turn 44
# turn 45
# turn 46
# turn 47
# turn 48
# turn 49
# turn 50
# turn 51
# turn 52
# turn 53
# turn 54
# turn 55
# turn 56
# turn 57
# turn 58
# turn 59
# turn 60
# turn 61
# turn 62
# turn 63
# turn 64
# turn 65
# turn 66
# turn 67
# turn 68
# turn 69
# turn 70
# turn 71
# turn 72
# turn 73
# turn 74
# turn 75
# turn 76
# turn 77
# turn 78
# turn 79
# turn 80
# turn 81
# turn 82
# turn 83
# turn 84
# turn 85
# turn 86
# turn 87
# turn 88
# turn 89
# turn 90
# turn 91
# turn 92
# turn 93
# turn 94
# turn 95
# turn 96
# turn 97
# turn 98
# turn 99
# turn 100
# turn 101
# turn 102
# turn 103
# turn 104
# turn 105
# turn 106
# turn 107
# turn 108
# turn 109
# turn 110
# turn 111
# turn 112
# turn 113
# turn 114
o 33 67 e
# turn 115
# turn 116
o 32 65 n
o 33 68 n
# turn 117
o 32 68 w
o 31 65 e
# turn 118
o 32 67 s
o 31 66 s
# turn 119
o 33 67 e
# turn 120
# turn 121
# turn 122
# turn 123
# turn 124
# turn 125
# turn 126
# turn 127
# turn 128
# turn 129
# turn 130
# turn 131
# turn 132
# turn 133
# turn 134
# turn 135
# turn 136
# turn 137
# turn 138
o 32 66 n
# turn 139
o 31 66 s
# turn 140
# turn 141
# turn 142
# turn 143
# turn 144
# turn 145
# turn 146
# turn 147
# turn 148
# turn 149
# turn 150
# turn 151
# turn 152
# turn 153
# turn 154
o 32 66 n
# turn 155
o 31 66 e
# turn 156
# turn 157
# turn 158
# turn 159
# turn 160
# turn 161
# turn 162
# turn 163
# turn 164
# turn 165
# turn 166
# turn 167
# turn 168
o 32 65 n
